# JRE version: OpenJDK Runtime Environment (8.0_202-b03) (build 1.8.0_202-release-1483-b03)
# Java VM: OpenJDK 64-Bit Server VM (25.202-b03 mixed mode windows-amd64 compressed oops)
Heap:
 PSYoungGen      total 133632K, used 89145K [0x00000000e0000000, 0x00000000ea100000, 0x0000000100000000)
  eden space 120832K, 63% used [0x00000000e0000000,0x00000000e4a95560,0x00000000e7600000)
  from space 12800K, 99% used [0x00000000e7600000,0x00000000e8279040,0x00000000e8280000)
  to   space 18944K, 0% used [0x00000000e8e80000,0x00000000e8e80000,0x00000000ea100000)
 ParOldGen       total 84992K, used 43587K [0x00000000a0000000, 0x00000000a5300000, 0x00000000e0000000)
  object space 84992K, 51% used [0x00000000a0000000,0x00000000a2a90ea8,0x00000000a5300000)
 Metaspace       used 64555K, capacity 66616K, committed 66648K, reserved 1107968K
  class space    used 8618K, capacity 9083K, committed 9088K, reserved 1048576K
GC Heap History (10 events):
Event: 16.154 GC heap before
{Heap before GC invocations=18 (full 2):
 PSYoungGen      total 90624K, used 90603K [0x00000000e0000000, 0x00000000e7980000, 0x0000000100000000)
  eden space 82432K, 100% used [0x00000000e0000000,0x00000000e5080000,0x00000000e5080000)
  from space 8192K, 99% used [0x00000000e5080000,0x00000000e587ade0,0x00000000e5880000)
  to   space 10752K, 0% used [0x00000000e6f00000,0x00000000e6f00000,0x00000000e7980000)
 ParOldGen       total 55296K, used 23651K [0x00000000a0000000, 0x00000000a3600000, 0x00000000e0000000)
  object space 55296K, 42% used [0x00000000a0000000,0x00000000a1718d20,0x00000000a3600000)
 Metaspace       used 54742K, capacity 56272K, committed 56448K, reserved 1097728K
  class space    used 7342K, capacity 7719K, committed 7808K, reserved 1048576K
Event: 16.179 GC heap after
Heap after GC invocations=18 (full 2):
 PSYoungGen      total 112640K, used 10387K [0x00000000e0000000, 0x00000000e8180000, 0x0000000100000000)
  eden space 101888K, 0% used [0x00000000e0000000,0x00000000e0000000,0x00000000e6380000)
  from space 10752K, 96% used [0x00000000e6f00000,0x00000000e7924cc0,0x00000000e7980000)
  to   space 11776K, 0% used [0x00000000e6380000,0x00000000e6380000,0x00000000e6f00000)
 ParOldGen       total 55296K, used 29678K [0x00000000a0000000, 0x00000000a3600000, 0x00000000e0000000)
  object space 55296K, 53% used [0x00000000a0000000,0x00000000a1cfb850,0x00000000a3600000)
 Metaspace       used 54742K, capacity 56272K, committed 56448K, reserved 1097728K
  class space    used 7342K, capacity 7719K, committed 7808K, reserved 1048576K
}
Event: 17.309 GC heap before
{Heap before GC invocations=19 (full 2):
 PSYoungGen      total 112640K, used 52878K [0x00000000e0000000, 0x00000000e8180000, 0x0000000100000000)
  eden space 101888K, 41% used [0x00000000e0000000,0x00000000e297ee40,0x00000000e6380000)
  from space 10752K, 96% used [0x00000000e6f00000,0x00000000e7924cc0,0x00000000e7980000)
  to   space 11776K, 0% used [0x00000000e6380000,0x00000000e6380000,0x00000000e6f00000)
 ParOldGen       total 55296K, used 29678K [0x00000000a0000000, 0x00000000a3600000, 0x00000000e0000000)
  object space 55296K, 53% used [0x00000000a0000000,0x00000000a1cfb850,0x00000000a3600000)
 Metaspace       used 57512K, capacity 59066K, committed 59096K, reserved 1099776K
  class space    used 7763K, capacity 8162K, committed 8192K, reserved 1048576K
Event: 17.330 GC heap after
Heap after GC invocations=19 (full 2):
 PSYoungGen      total 113664K, used 3763K [0x00000000e0000000, 0x00000000e9080000, 0x0000000100000000)
  eden space 101888K, 0% used [0x00000000e0000000,0x00000000e0000000,0x00000000e6380000)
  from space 11776K, 31% used [0x00000000e6380000,0x00000000e672cd20,0x00000000e6f00000)
  to   space 11776K, 0% used [0x00000000e8500000,0x00000000e8500000,0x00000000e9080000)
 ParOldGen       total 55296K, used 33649K [0x00000000a0000000, 0x00000000a3600000, 0x00000000e0000000)
  object space 55296K, 60% used [0x00000000a0000000,0x00000000a20dc4e8,0x00000000a3600000)
 Metaspace       used 57512K, capacity 59066K, committed 59096K, reserved 1099776K
  class space    used 7763K, capacity 8162K, committed 8192K, reserved 1048576K
}
Event: 17.330 GC heap before
{Heap before GC invocations=20 (full 3):
 PSYoungGen      total 113664K, used 3763K [0x00000000e0000000, 0x00000000e9080000, 0x0000000100000000)
  eden space 101888K, 0% used [0x00000000e0000000,0x00000000e0000000,0x00000000e6380000)
  from space 11776K, 31% used [0x00000000e6380000,0x00000000e672cd20,0x00000000e6f00000)
  to   space 11776K, 0% used [0x00000000e8500000,0x00000000e8500000,0x00000000e9080000)
 ParOldGen       total 55296K, used 33649K [0x00000000a0000000, 0x00000000a3600000, 0x00000000e0000000)
  object space 55296K, 60% used [0x00000000a0000000,0x00000000a20dc4e8,0x00000000a3600000)
 Metaspace       used 57512K, capacity 59066K, committed 59096K, reserved 1099776K
  class space    used 7763K, capacity 8162K, committed 8192K, reserved 1048576K
Event: 17.717 GC heap after
Heap after GC invocations=20 (full 3):
 PSYoungGen      total 113664K, used 0K [0x00000000e0000000, 0x00000000e9080000, 0x0000000100000000)
  eden space 101888K, 0% used [0x00000000e0000000,0x00000000e0000000,0x00000000e6380000)
  from space 11776K, 0% used [0x00000000e6380000,0x00000000e6380000,0x00000000e6f00000)
  to   space 11776K, 0% used [0x00000000e8500000,0x00000000e8500000,0x00000000e9080000)
 ParOldGen       total 84992K, used 31476K [0x00000000a0000000, 0x00000000a5300000, 0x00000000e0000000)
  object space 84992K, 37% used [0x00000000a0000000,0x00000000a1ebd1e0,0x00000000a5300000)
 Metaspace       used 57512K, capacity 59066K, committed 59096K, reserved 1099776K
  class space    used 7763K, capacity 8162K, committed 8192K, reserved 1048576K
}
Event: 22.559 GC heap before
{Heap before GC invocations=21 (full 3):
 PSYoungGen      total 113664K, used 101888K [0x00000000e0000000, 0x00000000e9080000, 0x0000000100000000)
  eden space 101888K, 100% used [0x00000000e0000000,0x00000000e6380000,0x00000000e6380000)
  from space 11776K, 0% used [0x00000000e6380000,0x00000000e6380000,0x00000000e6f00000)
  to   space 11776K, 0% used [0x00000000e8500000,0x00000000e8500000,0x00000000e9080000)
 ParOldGen       total 84992K, used 31476K [0x00000000a0000000, 0x00000000a5300000, 0x00000000e0000000)
  object space 84992K, 37% used [0x00000000a0000000,0x00000000a1ebd1e0,0x00000000a5300000)
 Metaspace       used 61629K, capacity 63590K, committed 63832K, reserved 1103872K
  class space    used 8266K, capacity 8710K, committed 8832K, reserved 1048576K
Event: 22.571 GC heap after
Heap after GC invocations=21 (full 3):
 PSYoungGen      total 124416K, used 9918K [0x00000000e0000000, 0x00000000e8f00000, 0x0000000100000000)
  eden space 114176K, 0% used [0x00000000e0000000,0x00000000e0000000,0x00000000e6f80000)
  from space 10240K, 96% used [0x00000000e8500000,0x00000000e8eaf978,0x00000000e8f00000)
  to   space 12800K, 0% used [0x00000000e7600000,0x00000000e7600000,0x00000000e8280000)
 ParOldGen       total 84992K, used 31484K [0x00000000a0000000, 0x00000000a5300000, 0x00000000e0000000)
  object space 84992K, 37% used [0x00000000a0000000,0x00000000a1ebf1e0,0x00000000a5300000)
 Metaspace       used 61629K, capacity 63590K, committed 63832K, reserved 1103872K
  class space    used 8266K, capacity 8710K, committed 8832K, reserved 1048576K
}
Event: 26.507 GC heap before
{Heap before GC invocations=22 (full 3):
 PSYoungGen      total 124416K, used 124094K [0x00000000e0000000, 0x00000000e8f00000, 0x0000000100000000)
  eden space 114176K, 100% used [0x00000000e0000000,0x00000000e6f80000,0x00000000e6f80000)
  from space 10240K, 96% used [0x00000000e8500000,0x00000000e8eaf978,0x00000000e8f00000)
  to   space 12800K, 0% used [0x00000000e7600000,0x00000000e7600000,0x00000000e8280000)
 ParOldGen       total 84992K, used 31484K [0x00000000a0000000, 0x00000000a5300000, 0x00000000e0000000)
  object space 84992K, 37% used [0x00000000a0000000,0x00000000a1ebf1e0,0x00000000a5300000)
 Metaspace       used 63448K, capacity 65452K, committed 65624K, reserved 1105920K
  class space    used 8492K, capacity 8969K, committed 9088K, reserved 1048576K
Event: 26.535 GC heap after
Heap after GC invocations=22 (full 3):
 PSYoungGen      total 133632K, used 12772K [0x00000000e0000000, 0x00000000ea100000, 0x0000000100000000)
  eden space 120832K, 0% used [0x00000000e0000000,0x00000000e0000000,0x00000000e7600000)
  from space 12800K, 99% used [0x00000000e7600000,0x00000000e8279040,0x00000000e8280000)
  to   space 18944K, 0% used [0x00000000e8e80000,0x00000000e8e80000,0x00000000ea100000)
 ParOldGen       total 84992K, used 43587K [0x00000000a0000000, 0x00000000a5300000, 0x00000000e0000000)
  object space 84992K, 51% used [0x00000000a0000000,0x00000000a2a90ea8,0x00000000a5300000)
 Metaspace       used 63448K, capacity 65452K, committed 65624K, reserved 1105920K
  class space    used 8492K, capacity 8969K, committed 9088K, reserved 1048576K
}

