# JRE version: OpenJDK Runtime Environment (8.0_202-b03) (build 1.8.0_202-release-1483-b03)
# Java VM: OpenJDK 64-Bit Server VM (25.202-b03 mixed mode windows-amd64 compressed oops)
Heap:
 PSYoungGen      total 249344K, used 110627K [0x00000000e0000000, 0x00000000f2000000, 0x0000000100000000)
  eden space 212480K, 52% used [0x00000000e0000000,0x00000000e6c08e18,0x00000000ecf80000)
  from space 36864K, 0% used [0x00000000ecf80000,0x00000000ecf80000,0x00000000ef380000)
  to   space 37888K, 0% used [0x00000000efb00000,0x00000000efb00000,0x00000000f2000000)
 ParOldGen       total 82944K, used 40962K [0x00000000a0000000, 0x00000000a5100000, 0x00000000e0000000)
  object space 82944K, 49% used [0x00000000a0000000,0x00000000a2800bb0,0x00000000a5100000)
 Metaspace       used 81890K, capacity 84212K, committed 89108K, reserved 1126400K
  class space    used 10364K, capacity 10834K, committed 11836K, reserved 1048576K
GC Heap History (10 events):
Event: 89.745 GC heap before
{Heap before GC invocations=25 (full 3):
 PSYoungGen      total 192512K, used 167201K [0x00000000e0000000, 0x00000000ef580000, 0x0000000100000000)
  eden space 162304K, 100% used [0x00000000e0000000,0x00000000e9e80000,0x00000000e9e80000)
  from space 30208K, 16% used [0x00000000e9e80000,0x00000000ea3485b0,0x00000000ebc00000)
  to   space 29696K, 0% used [0x00000000ed880000,0x00000000ed880000,0x00000000ef580000)
 ParOldGen       total 82944K, used 61765K [0x00000000a0000000, 0x00000000a5100000, 0x00000000e0000000)
  object space 82944K, 74% used [0x00000000a0000000,0x00000000a3c51738,0x00000000a5100000)
 Metaspace       used 74095K, capacity 76662K, committed 76948K, reserved 1116160K
  class space    used 9575K, capacity 10085K, committed 10172K, reserved 1048576K
Event: 89.920 GC heap after
Heap after GC invocations=25 (full 3):
 PSYoungGen      total 216576K, used 14009K [0x00000000e0000000, 0x00000000ef280000, 0x0000000100000000)
  eden space 189952K, 0% used [0x00000000e0000000,0x00000000e0000000,0x00000000eb980000)
  from space 26624K, 52% used [0x00000000ed880000,0x00000000ee62e438,0x00000000ef280000)
  to   space 29184K, 0% used [0x00000000eb980000,0x00000000eb980000,0x00000000ed600000)
 ParOldGen       total 82944K, used 61773K [0x00000000a0000000, 0x00000000a5100000, 0x00000000e0000000)
  object space 82944K, 74% used [0x00000000a0000000,0x00000000a3c53738,0x00000000a5100000)
 Metaspace       used 74095K, capacity 76662K, committed 76948K, reserved 1116160K
  class space    used 9575K, capacity 10085K, committed 10172K, reserved 1048576K
}
Event: 159.599 GC heap before
{Heap before GC invocations=26 (full 3):
 PSYoungGen      total 216576K, used 203961K [0x00000000e0000000, 0x00000000ef280000, 0x0000000100000000)
  eden space 189952K, 100% used [0x00000000e0000000,0x00000000eb980000,0x00000000eb980000)
  from space 26624K, 52% used [0x00000000ed880000,0x00000000ee62e438,0x00000000ef280000)
  to   space 29184K, 0% used [0x00000000eb980000,0x00000000eb980000,0x00000000ed600000)
 ParOldGen       total 82944K, used 61773K [0x00000000a0000000, 0x00000000a5100000, 0x00000000e0000000)
  object space 82944K, 74% used [0x00000000a0000000,0x00000000a3c53738,0x00000000a5100000)
 Metaspace       used 81271K, capacity 84416K, committed 84628K, reserved 1122304K
  class space    used 10507K, capacity 11183K, committed 11196K, reserved 1048576K
Event: 159.830 GC heap after
Heap after GC invocations=26 (full 3):
 PSYoungGen      total 219136K, used 20864K [0x00000000e0000000, 0x00000000f1180000, 0x0000000100000000)
  eden space 189952K, 0% used [0x00000000e0000000,0x00000000e0000000,0x00000000eb980000)
  from space 29184K, 71% used [0x00000000eb980000,0x00000000ecde0088,0x00000000ed600000)
  to   space 30720K, 0% used [0x00000000ef380000,0x00000000ef380000,0x00000000f1180000)
 ParOldGen       total 82944K, used 61781K [0x00000000a0000000, 0x00000000a5100000, 0x00000000e0000000)
  object space 82944K, 74% used [0x00000000a0000000,0x00000000a3c55738,0x00000000a5100000)
 Metaspace       used 81271K, capacity 84416K, committed 84628K, reserved 1122304K
  class space    used 10507K, capacity 11183K, committed 11196K, reserved 1048576K
}
Event: 163.242 GC heap before
{Heap before GC invocations=27 (full 3):
 PSYoungGen      total 219136K, used 210816K [0x00000000e0000000, 0x00000000f1180000, 0x0000000100000000)
  eden space 189952K, 100% used [0x00000000e0000000,0x00000000eb980000,0x00000000eb980000)
  from space 29184K, 71% used [0x00000000eb980000,0x00000000ecde0088,0x00000000ed600000)
  to   space 30720K, 0% used [0x00000000ef380000,0x00000000ef380000,0x00000000f1180000)
 ParOldGen       total 82944K, used 61781K [0x00000000a0000000, 0x00000000a5100000, 0x00000000e0000000)
  object space 82944K, 74% used [0x00000000a0000000,0x00000000a3c55738,0x00000000a5100000)
 Metaspace       used 82698K, capacity 86190K, committed 86420K, reserved 1124352K
  class space    used 10705K, capacity 11426K, committed 11452K, reserved 1048576K
Event: 163.291 GC heap after
Heap after GC invocations=27 (full 3):
 PSYoungGen      total 243200K, used 30710K [0x00000000e0000000, 0x00000000f1e00000, 0x0000000100000000)
  eden space 212480K, 0% used [0x00000000e0000000,0x00000000e0000000,0x00000000ecf80000)
  from space 30720K, 99% used [0x00000000ef380000,0x00000000f117dad0,0x00000000f1180000)
  to   space 36864K, 0% used [0x00000000ecf80000,0x00000000ecf80000,0x00000000ef380000)
 ParOldGen       total 82944K, used 64114K [0x00000000a0000000, 0x00000000a5100000, 0x00000000e0000000)
  object space 82944K, 77% used [0x00000000a0000000,0x00000000a3e9cab0,0x00000000a5100000)
 Metaspace       used 82698K, capacity 86190K, committed 86420K, reserved 1124352K
  class space    used 10705K, capacity 11426K, committed 11452K, reserved 1048576K
}
Event: 3618.370 GC heap before
{Heap before GC invocations=28 (full 3):
 PSYoungGen      total 243200K, used 229676K [0x00000000e0000000, 0x00000000f1e00000, 0x0000000100000000)
  eden space 212480K, 93% used [0x00000000e0000000,0x00000000ec24d730,0x00000000ecf80000)
  from space 30720K, 99% used [0x00000000ef380000,0x00000000f117dad0,0x00000000f1180000)
  to   space 36864K, 0% used [0x00000000ecf80000,0x00000000ecf80000,0x00000000ef380000)
 ParOldGen       total 82944K, used 64114K [0x00000000a0000000, 0x00000000a5100000, 0x00000000e0000000)
  object space 82944K, 77% used [0x00000000a0000000,0x00000000a3e9cab0,0x00000000a5100000)
 Metaspace       used 85001K, capacity 88874K, committed 89108K, reserved 1126400K
  class space    used 10970K, capacity 11711K, committed 11836K, reserved 1048576K
Event: 3619.418 GC heap after
Heap after GC invocations=28 (full 3):
 PSYoungGen      total 249344K, used 23445K [0x00000000e0000000, 0x00000000f2000000, 0x0000000100000000)
  eden space 212480K, 0% used [0x00000000e0000000,0x00000000e0000000,0x00000000ecf80000)
  from space 36864K, 63% used [0x00000000ecf80000,0x00000000ee665500,0x00000000ef380000)
  to   space 37888K, 0% used [0x00000000efb00000,0x00000000efb00000,0x00000000f2000000)
 ParOldGen       total 82944K, used 69928K [0x00000000a0000000, 0x00000000a5100000, 0x00000000e0000000)
  object space 82944K, 84% used [0x00000000a0000000,0x00000000a444a1b0,0x00000000a5100000)
 Metaspace       used 85001K, capacity 88874K, committed 89108K, reserved 1126400K
  class space    used 10970K, capacity 11711K, committed 11836K, reserved 1048576K
}
Event: 3619.419 GC heap before
{Heap before GC invocations=29 (full 4):
 PSYoungGen      total 249344K, used 23445K [0x00000000e0000000, 0x00000000f2000000, 0x0000000100000000)
  eden space 212480K, 0% used [0x00000000e0000000,0x00000000e0000000,0x00000000ecf80000)
  from space 36864K, 63% used [0x00000000ecf80000,0x00000000ee665500,0x00000000ef380000)
  to   space 37888K, 0% used [0x00000000efb00000,0x00000000efb00000,0x00000000f2000000)
 ParOldGen       total 82944K, used 69928K [0x00000000a0000000, 0x00000000a5100000, 0x00000000e0000000)
  object space 82944K, 84% used [0x00000000a0000000,0x00000000a444a1b0,0x00000000a5100000)
 Metaspace       used 85001K, capacity 88874K, committed 89108K, reserved 1126400K
  class space    used 10970K, capacity 11711K, committed 11836K, reserved 1048576K
Event: 3624.793 GC heap after
Heap after GC invocations=29 (full 4):
 PSYoungGen      total 249344K, used 0K [0x00000000e0000000, 0x00000000f2000000, 0x0000000100000000)
  eden space 212480K, 0% used [0x00000000e0000000,0x00000000e0000000,0x00000000ecf80000)
  from space 36864K, 0% used [0x00000000ecf80000,0x00000000ecf80000,0x00000000ef380000)
  to   space 37888K, 0% used [0x00000000efb00000,0x00000000efb00000,0x00000000f2000000)
 ParOldGen       total 82944K, used 40962K [0x00000000a0000000, 0x00000000a5100000, 0x00000000e0000000)
  object space 82944K, 49% used [0x00000000a0000000,0x00000000a2800bb0,0x00000000a5100000)
 Metaspace       used 81336K, capacity 83332K, committed 89108K, reserved 1126400K
  class space    used 10286K, capacity 10690K, committed 11836K, reserved 1048576K
}

