# JRE version: OpenJDK Runtime Environment (8.0_202-b03) (build 1.8.0_202-release-1483-b03)
# Java VM: OpenJDK 64-Bit Server VM (25.202-b03 mixed mode windows-amd64 compressed oops)
Heap:
 PSYoungGen      total 302592K, used 270334K [0x00000000e0000000, 0x00000000f6600000, 0x0000000100000000)
  eden space 273920K, 93% used [0x00000000e0000000,0x00000000ef99d528,0x00000000f0b80000)
  from space 28672K, 51% used [0x00000000f0b80000,0x00000000f19e2478,0x00000000f2780000)
  to   space 27648K, 0% used [0x00000000f4b00000,0x00000000f4b00000,0x00000000f6600000)
 ParOldGen       total 164352K, used 103899K [0x00000000a0000000, 0x00000000aa080000, 0x00000000e0000000)
  object space 164352K, 63% used [0x00000000a0000000,0x00000000a6576c18,0x00000000aa080000)
 Metaspace       used 102381K, capacity 106828K, committed 106968K, reserved 1142784K
  class space    used 13100K, capacity 13987K, committed 14040K, reserved 1048576K
GC Heap History (10 events):
Event: 164.371 GC heap before
{Heap before GC invocations=29 (full 4):
 PSYoungGen      total 230400K, used 204800K [0x00000000e0000000, 0x00000000f0000000, 0x0000000100000000)
  eden space 204800K, 100% used [0x00000000e0000000,0x00000000ec800000,0x00000000ec800000)
  from space 25600K, 0% used [0x00000000ee700000,0x00000000ee700000,0x00000000f0000000)
  to   space 28672K, 0% used [0x00000000ec800000,0x00000000ec800000,0x00000000ee400000)
 ParOldGen       total 164352K, used 83792K [0x00000000a0000000, 0x00000000aa080000, 0x00000000e0000000)
  object space 164352K, 50% used [0x00000000a0000000,0x00000000a51d4360,0x00000000aa080000)
 Metaspace       used 81933K, capacity 85248K, committed 85592K, reserved 1124352K
  class space    used 10617K, capacity 11299K, committed 11352K, reserved 1048576K
Event: 165.334 GC heap after
Heap after GC invocations=29 (full 4):
 PSYoungGen      total 233472K, used 26174K [0x00000000e0000000, 0x00000000f2a80000, 0x0000000100000000)
  eden space 204800K, 0% used [0x00000000e0000000,0x00000000e0000000,0x00000000ec800000)
  from space 28672K, 91% used [0x00000000ec800000,0x00000000ee18f8b8,0x00000000ee400000)
  to   space 31744K, 0% used [0x00000000f0b80000,0x00000000f0b80000,0x00000000f2a80000)
 ParOldGen       total 164352K, used 83800K [0x00000000a0000000, 0x00000000aa080000, 0x00000000e0000000)
  object space 164352K, 50% used [0x00000000a0000000,0x00000000a51d6360,0x00000000aa080000)
 Metaspace       used 81933K, capacity 85248K, committed 85592K, reserved 1124352K
  class space    used 10617K, capacity 11299K, committed 11352K, reserved 1048576K
}
Event: 201.359 GC heap before
{Heap before GC invocations=30 (full 4):
 PSYoungGen      total 233472K, used 230974K [0x00000000e0000000, 0x00000000f2a80000, 0x0000000100000000)
  eden space 204800K, 100% used [0x00000000e0000000,0x00000000ec800000,0x00000000ec800000)
  from space 28672K, 91% used [0x00000000ec800000,0x00000000ee18f8b8,0x00000000ee400000)
  to   space 31744K, 0% used [0x00000000f0b80000,0x00000000f0b80000,0x00000000f2a80000)
 ParOldGen       total 164352K, used 83800K [0x00000000a0000000, 0x00000000aa080000, 0x00000000e0000000)
  object space 164352K, 50% used [0x00000000a0000000,0x00000000a51d6360,0x00000000aa080000)
 Metaspace       used 85317K, capacity 88744K, committed 88920K, reserved 1126400K
  class space    used 11065K, capacity 11749K, committed 11864K, reserved 1048576K
Event: 201.651 GC heap after
Heap after GC invocations=30 (full 4):
 PSYoungGen      total 265728K, used 6288K [0x00000000e0000000, 0x00000000f2600000, 0x0000000100000000)
  eden space 238592K, 0% used [0x00000000e0000000,0x00000000e0000000,0x00000000ee900000)
  from space 27136K, 23% used [0x00000000f0b80000,0x00000000f11a42a8,0x00000000f2600000)
  to   space 31232K, 0% used [0x00000000ee900000,0x00000000ee900000,0x00000000f0780000)
 ParOldGen       total 164352K, used 88256K [0x00000000a0000000, 0x00000000aa080000, 0x00000000e0000000)
  object space 164352K, 53% used [0x00000000a0000000,0x00000000a56303a0,0x00000000aa080000)
 Metaspace       used 85317K, capacity 88744K, committed 88920K, reserved 1126400K
  class space    used 11065K, capacity 11749K, committed 11864K, reserved 1048576K
}
Event: 239.869 GC heap before
{Heap before GC invocations=31 (full 4):
 PSYoungGen      total 265728K, used 244880K [0x00000000e0000000, 0x00000000f2600000, 0x0000000100000000)
  eden space 238592K, 100% used [0x00000000e0000000,0x00000000ee900000,0x00000000ee900000)
  from space 27136K, 23% used [0x00000000f0b80000,0x00000000f11a42a8,0x00000000f2600000)
  to   space 31232K, 0% used [0x00000000ee900000,0x00000000ee900000,0x00000000f0780000)
 ParOldGen       total 164352K, used 88256K [0x00000000a0000000, 0x00000000aa080000, 0x00000000e0000000)
  object space 164352K, 53% used [0x00000000a0000000,0x00000000a56303a0,0x00000000aa080000)
 Metaspace       used 87029K, capacity 90524K, committed 90840K, reserved 1128448K
  class space    used 11224K, capacity 11925K, committed 11992K, reserved 1048576K
Event: 240.594 GC heap after
Heap after GC invocations=31 (full 4):
 PSYoungGen      total 269824K, used 12062K [0x00000000e0000000, 0x00000000f4700000, 0x0000000100000000)
  eden space 238592K, 0% used [0x00000000e0000000,0x00000000e0000000,0x00000000ee900000)
  from space 31232K, 38% used [0x00000000ee900000,0x00000000ef4c79b0,0x00000000f0780000)
  to   space 29696K, 0% used [0x00000000f2a00000,0x00000000f2a00000,0x00000000f4700000)
 ParOldGen       total 164352K, used 91057K [0x00000000a0000000, 0x00000000aa080000, 0x00000000e0000000)
  object space 164352K, 55% used [0x00000000a0000000,0x00000000a58ec4c0,0x00000000aa080000)
 Metaspace       used 87029K, capacity 90524K, committed 90840K, reserved 1128448K
  class space    used 11224K, capacity 11925K, committed 11992K, reserved 1048576K
}
Event: 249.558 GC heap before
{Heap before GC invocations=32 (full 4):
 PSYoungGen      total 269824K, used 250654K [0x00000000e0000000, 0x00000000f4700000, 0x0000000100000000)
  eden space 238592K, 100% used [0x00000000e0000000,0x00000000ee900000,0x00000000ee900000)
  from space 31232K, 38% used [0x00000000ee900000,0x00000000ef4c79b0,0x00000000f0780000)
  to   space 29696K, 0% used [0x00000000f2a00000,0x00000000f2a00000,0x00000000f4700000)
 ParOldGen       total 164352K, used 91057K [0x00000000a0000000, 0x00000000aa080000, 0x00000000e0000000)
  object space 164352K, 55% used [0x00000000a0000000,0x00000000a58ec4c0,0x00000000aa080000)
 Metaspace       used 93942K, capacity 97568K, committed 97880K, reserved 1134592K
  class space    used 12007K, capacity 12797K, committed 12888K, reserved 1048576K
Event: 249.762 GC heap after
Heap after GC invocations=32 (full 4):
 PSYoungGen      total 300032K, used 13748K [0x00000000e0000000, 0x00000000f4380000, 0x0000000100000000)
  eden space 273920K, 0% used [0x00000000e0000000,0x00000000e0000000,0x00000000f0b80000)
  from space 26112K, 52% used [0x00000000f2a00000,0x00000000f376d3f8,0x00000000f4380000)
  to   space 28672K, 0% used [0x00000000f0b80000,0x00000000f0b80000,0x00000000f2780000)
 ParOldGen       total 164352K, used 96983K [0x00000000a0000000, 0x00000000aa080000, 0x00000000e0000000)
  object space 164352K, 59% used [0x00000000a0000000,0x00000000a5eb5fa8,0x00000000aa080000)
 Metaspace       used 93942K, capacity 97568K, committed 97880K, reserved 1134592K
  class space    used 12007K, capacity 12797K, committed 12888K, reserved 1048576K
}
Event: 253.015 GC heap before
{Heap before GC invocations=33 (full 4):
 PSYoungGen      total 300032K, used 287668K [0x00000000e0000000, 0x00000000f4380000, 0x0000000100000000)
  eden space 273920K, 100% used [0x00000000e0000000,0x00000000f0b80000,0x00000000f0b80000)
  from space 26112K, 52% used [0x00000000f2a00000,0x00000000f376d3f8,0x00000000f4380000)
  to   space 28672K, 0% used [0x00000000f0b80000,0x00000000f0b80000,0x00000000f2780000)
 ParOldGen       total 164352K, used 96983K [0x00000000a0000000, 0x00000000aa080000, 0x00000000e0000000)
  object space 164352K, 59% used [0x00000000a0000000,0x00000000a5eb5fa8,0x00000000aa080000)
 Metaspace       used 102139K, capacity 106514K, committed 106712K, reserved 1142784K
  class space    used 13097K, capacity 13984K, committed 14040K, reserved 1048576K
Event: 253.059 GC heap after
Heap after GC invocations=33 (full 4):
 PSYoungGen      total 302592K, used 14729K [0x00000000e0000000, 0x00000000f6600000, 0x0000000100000000)
  eden space 273920K, 0% used [0x00000000e0000000,0x00000000e0000000,0x00000000f0b80000)
  from space 28672K, 51% used [0x00000000f0b80000,0x00000000f19e2478,0x00000000f2780000)
  to   space 27648K, 0% used [0x00000000f4b00000,0x00000000f4b00000,0x00000000f6600000)
 ParOldGen       total 164352K, used 103899K [0x00000000a0000000, 0x00000000aa080000, 0x00000000e0000000)
  object space 164352K, 63% used [0x00000000a0000000,0x00000000a6576c18,0x00000000aa080000)
 Metaspace       used 102139K, capacity 106514K, committed 106712K, reserved 1142784K
  class space    used 13097K, capacity 13984K, committed 14040K, reserved 1048576K
}

