# JRE version: OpenJDK Runtime Environment (8.0_202-b03) (build 1.8.0_202-release-1483-b03)
# Java VM: OpenJDK 64-Bit Server VM (25.202-b03 mixed mode windows-amd64 compressed oops)
Heap:
 PSYoungGen      total 50688K, used 10935K [0x00000000eb180000, 0x00000000eef80000, 0x0000000100000000)
  eden space 38400K, 28% used [0x00000000eb180000,0x00000000ebc2dc88,0x00000000ed700000)
  from space 12288K, 0% used [0x00000000ed700000,0x00000000ed700000,0x00000000ee300000)
  to   space 11264K, 0% used [0x00000000ee300000,0x00000000ee300000,0x00000000eee00000)
 ParOldGen       total 40960K, used 16204K [0x00000000c1400000, 0x00000000c3c00000, 0x00000000eb180000)
  object space 40960K, 39% used [0x00000000c1400000,0x00000000c23d31e0,0x00000000c3c00000)
 Metaspace       used 36744K, capacity 37239K, committed 37552K, reserved 1081344K
  class space    used 4619K, capacity 4767K, committed 4784K, reserved 1048576K
GC Heap History (10 events):
Event: 10.338 GC heap before
{Heap before GC invocations=9 (full 1):
 PSYoungGen      total 24576K, used 19643K [0x00000000eb180000, 0x00000000edd00000, 0x0000000100000000)
  eden space 16384K, 100% used [0x00000000eb180000,0x00000000ec180000,0x00000000ec180000)
  from space 8192K, 39% used [0x00000000ec180000,0x00000000ec4aef58,0x00000000ec980000)
  to   space 8192K, 0% used [0x00000000ed500000,0x00000000ed500000,0x00000000edd00000)
 ParOldGen       total 40960K, used 13945K [0x00000000c1400000, 0x00000000c3c00000, 0x00000000eb180000)
  object space 40960K, 34% used [0x00000000c1400000,0x00000000c219e4d0,0x00000000c3c00000)
 Metaspace       used 22896K, capacity 23360K, committed 23600K, reserved 1071104K
  class space    used 2718K, capacity 2848K, committed 2864K, reserved 1048576K
Event: 10.344 GC heap after
Heap after GC invocations=9 (full 1):
 PSYoungGen      total 35840K, used 6502K [0x00000000eb180000, 0x00000000edd80000, 0x0000000100000000)
  eden space 27648K, 0% used [0x00000000eb180000,0x00000000eb180000,0x00000000ecc80000)
  from space 8192K, 79% used [0x00000000ed500000,0x00000000edb59b90,0x00000000edd00000)
  to   space 8704K, 0% used [0x00000000ecc80000,0x00000000ecc80000,0x00000000ed500000)
 ParOldGen       total 40960K, used 13953K [0x00000000c1400000, 0x00000000c3c00000, 0x00000000eb180000)
  object space 40960K, 34% used [0x00000000c1400000,0x00000000c21a04d0,0x00000000c3c00000)
 Metaspace       used 22896K, capacity 23360K, committed 23600K, reserved 1071104K
  class space    used 2718K, capacity 2848K, committed 2864K, reserved 1048576K
}
Event: 11.638 GC heap before
{Heap before GC invocations=10 (full 1):
 PSYoungGen      total 35840K, used 34150K [0x00000000eb180000, 0x00000000edd80000, 0x0000000100000000)
  eden space 27648K, 100% used [0x00000000eb180000,0x00000000ecc80000,0x00000000ecc80000)
  from space 8192K, 79% used [0x00000000ed500000,0x00000000edb59b90,0x00000000edd00000)
  to   space 8704K, 0% used [0x00000000ecc80000,0x00000000ecc80000,0x00000000ed500000)
 ParOldGen       total 40960K, used 13953K [0x00000000c1400000, 0x00000000c3c00000, 0x00000000eb180000)
  object space 40960K, 34% used [0x00000000c1400000,0x00000000c21a04d0,0x00000000c3c00000)
 Metaspace       used 27781K, capacity 28283K, committed 28592K, reserved 1075200K
  class space    used 3325K, capacity 3494K, committed 3504K, reserved 1048576K
Event: 11.659 GC heap after
Heap after GC invocations=10 (full 1):
 PSYoungGen      total 36352K, used 8674K [0x00000000eb180000, 0x00000000eee00000, 0x0000000100000000)
  eden space 27648K, 0% used [0x00000000eb180000,0x00000000eb180000,0x00000000ecc80000)
  from space 8704K, 99% used [0x00000000ecc80000,0x00000000ed4f8bc0,0x00000000ed500000)
  to   space 11264K, 0% used [0x00000000ee300000,0x00000000ee300000,0x00000000eee00000)
 ParOldGen       total 40960K, used 17607K [0x00000000c1400000, 0x00000000c3c00000, 0x00000000eb180000)
  object space 40960K, 42% used [0x00000000c1400000,0x00000000c2531cd8,0x00000000c3c00000)
 Metaspace       used 27781K, capacity 28283K, committed 28592K, reserved 1075200K
  class space    used 3325K, capacity 3494K, committed 3504K, reserved 1048576K
}
Event: 14.586 GC heap before
{Heap before GC invocations=11 (full 1):
 PSYoungGen      total 36352K, used 36322K [0x00000000eb180000, 0x00000000eee00000, 0x0000000100000000)
  eden space 27648K, 100% used [0x00000000eb180000,0x00000000ecc80000,0x00000000ecc80000)
  from space 8704K, 99% used [0x00000000ecc80000,0x00000000ed4f8bc0,0x00000000ed500000)
  to   space 11264K, 0% used [0x00000000ee300000,0x00000000ee300000,0x00000000eee00000)
 ParOldGen       total 40960K, used 17607K [0x00000000c1400000, 0x00000000c3c00000, 0x00000000eb180000)
  object space 40960K, 42% used [0x00000000c1400000,0x00000000c2531cd8,0x00000000c3c00000)
 Metaspace       used 32879K, capacity 33363K, committed 33840K, reserved 1079296K
  class space    used 4156K, capacity 4313K, committed 4400K, reserved 1048576K
Event: 14.602 GC heap after
Heap after GC invocations=11 (full 1):
 PSYoungGen      total 49664K, used 9831K [0x00000000eb180000, 0x00000000eef80000, 0x0000000100000000)
  eden space 38400K, 0% used [0x00000000eb180000,0x00000000eb180000,0x00000000ed700000)
  from space 11264K, 87% used [0x00000000ee300000,0x00000000eec99e18,0x00000000eee00000)
  to   space 12288K, 0% used [0x00000000ed700000,0x00000000ed700000,0x00000000ee300000)
 ParOldGen       total 40960K, used 22266K [0x00000000c1400000, 0x00000000c3c00000, 0x00000000eb180000)
  object space 40960K, 54% used [0x00000000c1400000,0x00000000c29bebf0,0x00000000c3c00000)
 Metaspace       used 32879K, capacity 33363K, committed 33840K, reserved 1079296K
  class space    used 4156K, capacity 4313K, committed 4400K, reserved 1048576K
}
Event: 15.383 GC heap before
{Heap before GC invocations=12 (full 1):
 PSYoungGen      total 49664K, used 15937K [0x00000000eb180000, 0x00000000eef80000, 0x0000000100000000)
  eden space 38400K, 15% used [0x00000000eb180000,0x00000000eb7768e0,0x00000000ed700000)
  from space 11264K, 87% used [0x00000000ee300000,0x00000000eec99e18,0x00000000eee00000)
  to   space 12288K, 0% used [0x00000000ed700000,0x00000000ed700000,0x00000000ee300000)
 ParOldGen       total 40960K, used 22266K [0x00000000c1400000, 0x00000000c3c00000, 0x00000000eb180000)
  object space 40960K, 54% used [0x00000000c1400000,0x00000000c29bebf0,0x00000000c3c00000)
 Metaspace       used 34625K, capacity 35127K, committed 35496K, reserved 1081344K
  class space    used 4393K, capacity 4575K, committed 4656K, reserved 1048576K
Event: 15.389 GC heap after
Heap after GC invocations=12 (full 1):
 PSYoungGen      total 50688K, used 1222K [0x00000000eb180000, 0x00000000eef80000, 0x0000000100000000)
  eden space 38400K, 0% used [0x00000000eb180000,0x00000000eb180000,0x00000000ed700000)
  from space 12288K, 9% used [0x00000000ed700000,0x00000000ed831bb8,0x00000000ee300000)
  to   space 11264K, 0% used [0x00000000ee300000,0x00000000ee300000,0x00000000eee00000)
 ParOldGen       total 40960K, used 27194K [0x00000000c1400000, 0x00000000c3c00000, 0x00000000eb180000)
  object space 40960K, 66% used [0x00000000c1400000,0x00000000c2e8e880,0x00000000c3c00000)
 Metaspace       used 34625K, capacity 35127K, committed 35496K, reserved 1081344K
  class space    used 4393K, capacity 4575K, committed 4656K, reserved 1048576K
}
Event: 15.390 GC heap before
{Heap before GC invocations=13 (full 2):
 PSYoungGen      total 50688K, used 1222K [0x00000000eb180000, 0x00000000eef80000, 0x0000000100000000)
  eden space 38400K, 0% used [0x00000000eb180000,0x00000000eb180000,0x00000000ed700000)
  from space 12288K, 9% used [0x00000000ed700000,0x00000000ed831bb8,0x00000000ee300000)
  to   space 11264K, 0% used [0x00000000ee300000,0x00000000ee300000,0x00000000eee00000)
 ParOldGen       total 40960K, used 27194K [0x00000000c1400000, 0x00000000c3c00000, 0x00000000eb180000)
  object space 40960K, 66% used [0x00000000c1400000,0x00000000c2e8e880,0x00000000c3c00000)
 Metaspace       used 34625K, capacity 35127K, committed 35496K, reserved 1081344K
  class space    used 4393K, capacity 4575K, committed 4656K, reserved 1048576K
Event: 15.512 GC heap after
Heap after GC invocations=13 (full 2):
 PSYoungGen      total 50688K, used 0K [0x00000000eb180000, 0x00000000eef80000, 0x0000000100000000)
  eden space 38400K, 0% used [0x00000000eb180000,0x00000000eb180000,0x00000000ed700000)
  from space 12288K, 0% used [0x00000000ed700000,0x00000000ed700000,0x00000000ee300000)
  to   space 11264K, 0% used [0x00000000ee300000,0x00000000ee300000,0x00000000eee00000)
 ParOldGen       total 40960K, used 16204K [0x00000000c1400000, 0x00000000c3c00000, 0x00000000eb180000)
  object space 40960K, 39% used [0x00000000c1400000,0x00000000c23d31e0,0x00000000c3c00000)
 Metaspace       used 34625K, capacity 35127K, committed 35496K, reserved 1081344K
  class space    used 4393K, capacity 4575K, committed 4656K, reserved 1048576K
}

