# JRE version: Java(TM) SE Runtime Environment (11.0.5+10) (build 11.0.5+10-LTS)
# Java VM: Java HotSpot(TM) 64-Bit Server VM (11.0.5+10-LTS, mixed mode, tiered, compressed oops, g1 gc, windows-amd64)
Heap:
 garbage-first heap   total 152576K, used 64175K [0x00000000c1400000, 0x0000000100000000)
  region size 1024K, 7 young (7168K), 2 survivors (2048K)
 Metaspace       used 36434K, capacity 37305K, committed 37680K, reserved 1083392K
  class space    used 3724K, capacity 4101K, committed 4224K, reserved 1048576K
GC Heap History (10 events):
Event: 11.289 GC heap before
{Heap before GC invocations=29 (full 0):
 garbage-first heap   total 114688K, used 83773K [0x00000000c1400000, 0x0000000100000000)
  region size 1024K, 28 young (28672K), 1 survivors (1024K)
 Metaspace       used 35490K, capacity 36278K, committed 36400K, reserved 1081344K
  class space    used 3647K, capacity 3954K, committed 3968K, reserved 1048576K
}
Event: 11.292 GC heap after
{Heap after GC invocations=30 (full 0):
 garbage-first heap   total 114688K, used 57893K [0x00000000c1400000, 0x0000000100000000)
  region size 1024K, 1 young (1024K), 1 survivors (1024K)
 Metaspace       used 35490K, capacity 36278K, committed 36400K, reserved 1081344K
  class space    used 3647K, capacity 3954K, committed 3968K, reserved 1048576K
}
Event: 11.637 GC heap before
{Heap before GC invocations=31 (full 0):
 garbage-first heap   total 114688K, used 85541K [0x00000000c1400000, 0x0000000100000000)
  region size 1024K, 29 young (29696K), 1 survivors (1024K)
 Metaspace       used 35510K, capacity 36278K, committed 36400K, reserved 1081344K
  class space    used 3647K, capacity 3954K, committed 3968K, reserved 1048576K
}
Event: 11.650 GC heap after
{Heap after GC invocations=32 (full 0):
 garbage-first heap   total 114688K, used 67433K [0x00000000c1400000, 0x0000000100000000)
  region size 1024K, 4 young (4096K), 4 survivors (4096K)
 Metaspace       used 35510K, capacity 36278K, committed 36400K, reserved 1081344K
  class space    used 3647K, capacity 3954K, committed 3968K, reserved 1048576K
}
Event: 11.650 GC heap before
{Heap before GC invocations=32 (full 0):
 garbage-first heap   total 114688K, used 68457K [0x00000000c1400000, 0x0000000100000000)
  region size 1024K, 6 young (6144K), 4 survivors (4096K)
 Metaspace       used 35510K, capacity 36278K, committed 36400K, reserved 1081344K
  class space    used 3647K, capacity 3954K, committed 3968K, reserved 1048576K
}
Event: 11.656 GC heap after
{Heap after GC invocations=33 (full 0):
 garbage-first heap   total 114688K, used 59439K [0x00000000c1400000, 0x0000000100000000)
  region size 1024K, 1 young (1024K), 1 survivors (1024K)
 Metaspace       used 35510K, capacity 36278K, committed 36400K, reserved 1081344K
  class space    used 3647K, capacity 3954K, committed 3968K, reserved 1048576K
}
Event: 11.939 GC heap before
{Heap before GC invocations=33 (full 0):
 garbage-first heap   total 114688K, used 84015K [0x00000000c1400000, 0x0000000100000000)
  region size 1024K, 26 young (26624K), 1 survivors (1024K)
 Metaspace       used 35524K, capacity 36278K, committed 36400K, reserved 1081344K
  class space    used 3647K, capacity 3954K, committed 3968K, reserved 1048576K
}
Event: 11.944 GC heap after
{Heap after GC invocations=34 (full 0):
 garbage-first heap   total 114688K, used 61757K [0x00000000c1400000, 0x0000000100000000)
  region size 1024K, 4 young (4096K), 4 survivors (4096K)
 Metaspace       used 35524K, capacity 36278K, committed 36400K, reserved 1081344K
  class space    used 3647K, capacity 3954K, committed 3968K, reserved 1048576K
}
Event: 12.531 GC heap before
{Heap before GC invocations=35 (full 0):
 garbage-first heap   total 114688K, used 84285K [0x00000000c1400000, 0x0000000100000000)
  region size 1024K, 29 young (29696K), 4 survivors (4096K)
 Metaspace       used 36372K, capacity 37185K, committed 37296K, reserved 1083392K
  class space    used 3716K, capacity 4061K, committed 4096K, reserved 1048576K
}
Event: 12.541 GC heap after
{Heap after GC invocations=36 (full 0):
 garbage-first heap   total 152576K, used 61103K [0x00000000c1400000, 0x0000000100000000)
  region size 1024K, 2 young (2048K), 2 survivors (2048K)
 Metaspace       used 36372K, capacity 37185K, committed 37296K, reserved 1083392K
  class space    used 3716K, capacity 4061K, committed 4096K, reserved 1048576K
}

