# JRE version: Java(TM) SE Runtime Environment (11.0.5+10) (build 11.0.5+10-LTS)
# Java VM: Java HotSpot(TM) 64-Bit Server VM (11.0.5+10-LTS, mixed mode, tiered, compressed oops, g1 gc, windows-amd64)
Heap:
 garbage-first heap   total 152576K, used 61770K [0x00000000c1400000, 0x0000000100000000)
  region size 1024K, 4 young (4096K), 4 survivors (4096K)
 Metaspace       used 35488K, capacity 36282K, committed 36400K, reserved 1081344K
  class space    used 3647K, capacity 3954K, committed 3968K, reserved 1048576K
GC Heap History (10 events):
Event: 13.258 GC heap after
{Heap after GC invocations=32 (full 0):
 garbage-first heap   total 95232K, used 61431K [0x00000000c1400000, 0x0000000100000000)
  region size 1024K, 3 young (3072K), 3 survivors (3072K)
 Metaspace       used 35464K, capacity 36218K, committed 36400K, reserved 1081344K
  class space    used 3647K, capacity 3954K, committed 3968K, reserved 1048576K
}
Event: 13.265 GC heap before
{Heap before GC invocations=32 (full 0):
 garbage-first heap   total 95232K, used 64503K [0x00000000c1400000, 0x0000000100000000)
  region size 1024K, 6 young (6144K), 3 survivors (3072K)
 Metaspace       used 35464K, capacity 36218K, committed 36400K, reserved 1081344K
  class space    used 3647K, capacity 3954K, committed 3968K, reserved 1048576K
}
Event: 13.274 GC heap after
{Heap after GC invocations=33 (full 0):
 garbage-first heap   total 114688K, used 56163K [0x00000000c1400000, 0x0000000100000000)
  region size 1024K, 1 young (1024K), 1 survivors (1024K)
 Metaspace       used 35464K, capacity 36218K, committed 36400K, reserved 1081344K
  class space    used 3647K, capacity 3954K, committed 3968K, reserved 1048576K
}
Event: 13.301 GC heap before
{Heap before GC invocations=33 (full 0):
 garbage-first heap   total 114688K, used 80739K [0x00000000c1400000, 0x0000000100000000)
  region size 1024K, 26 young (26624K), 1 survivors (1024K)
 Metaspace       used 35464K, capacity 36218K, committed 36400K, reserved 1081344K
  class space    used 3647K, capacity 3954K, committed 3968K, reserved 1048576K
}
Event: 13.303 GC heap after
{Heap after GC invocations=34 (full 0):
 garbage-first heap   total 114688K, used 56258K [0x00000000c1400000, 0x0000000100000000)
  region size 1024K, 1 young (1024K), 1 survivors (1024K)
 Metaspace       used 35464K, capacity 36218K, committed 36400K, reserved 1081344K
  class space    used 3647K, capacity 3954K, committed 3968K, reserved 1048576K
}
Event: 13.623 GC heap before
{Heap before GC invocations=35 (full 0):
 garbage-first heap   total 114688K, used 81858K [0x00000000c1400000, 0x0000000100000000)
  region size 1024K, 27 young (27648K), 1 survivors (1024K)
 Metaspace       used 35480K, capacity 36282K, committed 36400K, reserved 1081344K
  class space    used 3647K, capacity 3954K, committed 3968K, reserved 1048576K
}
Event: 13.630 GC heap after
{Heap after GC invocations=36 (full 0):
 garbage-first heap   total 114688K, used 62543K [0x00000000c1400000, 0x0000000100000000)
  region size 1024K, 4 young (4096K), 4 survivors (4096K)
 Metaspace       used 35480K, capacity 36282K, committed 36400K, reserved 1081344K
  class space    used 3647K, capacity 3954K, committed 3968K, reserved 1048576K
}
Event: 13.636 GC heap before
{Heap before GC invocations=36 (full 0):
 garbage-first heap   total 114688K, used 63567K [0x00000000c1400000, 0x0000000100000000)
  region size 1024K, 6 young (6144K), 4 survivors (4096K)
 Metaspace       used 35480K, capacity 36282K, committed 36400K, reserved 1081344K
  class space    used 3647K, capacity 3954K, committed 3968K, reserved 1048576K
}
Event: 13.641 GC heap after
{Heap after GC invocations=37 (full 0):
 garbage-first heap   total 114688K, used 55787K [0x00000000c1400000, 0x0000000100000000)
  region size 1024K, 1 young (1024K), 1 survivors (1024K)
 Metaspace       used 35480K, capacity 36282K, committed 36400K, reserved 1081344K
  class space    used 3647K, capacity 3954K, committed 3968K, reserved 1048576K
}
Event: 13.851 GC heap before
{Heap before GC invocations=37 (full 0):
 garbage-first heap   total 114688K, used 81387K [0x00000000c1400000, 0x0000000100000000)
  region size 1024K, 27 young (27648K), 1 survivors (1024K)
 Metaspace       used 35488K, capacity 36282K, committed 36400K, reserved 1081344K
  class space    used 3647K, capacity 3954K, committed 3968K, reserved 1048576K
}

