# JRE version: Java(TM) SE Runtime Environment (11.0.5+10) (build 11.0.5+10-LTS)
# Java VM: Java HotSpot(TM) 64-Bit Server VM (11.0.5+10-LTS, mixed mode, tiered, compressed oops, g1 gc, windows-amd64)
Heap:
 garbage-first heap   total 95232K, used 66509K [0x00000000c1400000, 0x0000000100000000)
  region size 1024K, 19 young (19456K), 3 survivors (3072K)
 Metaspace       used 33859K, capacity 34519K, committed 34736K, reserved 1081344K
  class space    used 3517K, capacity 3794K, committed 3840K, reserved 1048576K
GC Heap History (10 events):
Event: 7.605 GC heap before
{Heap before GC invocations=14 (full 0):
 garbage-first heap   total 95232K, used 71276K [0x00000000c1400000, 0x0000000100000000)
  region size 1024K, 47 young (48128K), 3 survivors (3072K)
 Metaspace       used 25555K, capacity 26039K, committed 26160K, reserved 1073152K
  class space    used 2636K, capacity 2829K, committed 2944K, reserved 1048576K
}
Event: 7.610 GC heap after
{Heap after GC invocations=15 (full 0):
 garbage-first heap   total 95232K, used 28132K [0x00000000c1400000, 0x0000000100000000)
  region size 1024K, 4 young (4096K), 4 survivors (4096K)
 Metaspace       used 25555K, capacity 26039K, committed 26160K, reserved 1073152K
  class space    used 2636K, capacity 2829K, committed 2944K, reserved 1048576K
}
Event: 8.717 GC heap before
{Heap before GC invocations=15 (full 0):
 garbage-first heap   total 95232K, used 73188K [0x00000000c1400000, 0x0000000100000000)
  region size 1024K, 47 young (48128K), 4 survivors (4096K)
 Metaspace       used 31887K, capacity 32476K, committed 32688K, reserved 1079296K
  class space    used 3361K, capacity 3574K, committed 3584K, reserved 1048576K
}
Event: 8.730 GC heap after
{Heap after GC invocations=16 (full 0):
 garbage-first heap   total 95232K, used 37348K [0x00000000c1400000, 0x0000000100000000)
  region size 1024K, 6 young (6144K), 6 survivors (6144K)
 Metaspace       used 31887K, capacity 32476K, committed 32688K, reserved 1079296K
  class space    used 3361K, capacity 3574K, committed 3584K, reserved 1048576K
}
Event: 8.810 GC heap before
{Heap before GC invocations=16 (full 0):
 garbage-first heap   total 95232K, used 68068K [0x00000000c1400000, 0x0000000100000000)
  region size 1024K, 37 young (37888K), 6 survivors (6144K)
 Metaspace       used 31932K, capacity 32552K, committed 32688K, reserved 1079296K
  class space    used 3363K, capacity 3578K, committed 3584K, reserved 1048576K
}
Event: 8.816 GC heap after
{Heap after GC invocations=17 (full 0):
 garbage-first heap   total 95232K, used 39790K [0x00000000c1400000, 0x0000000100000000)
  region size 1024K, 2 young (2048K), 2 survivors (2048K)
 Metaspace       used 31932K, capacity 32552K, committed 32688K, reserved 1079296K
  class space    used 3363K, capacity 3578K, committed 3584K, reserved 1048576K
}
Event: 9.478 GC heap before
{Heap before GC invocations=17 (full 0):
 garbage-first heap   total 95232K, used 69486K [0x00000000c1400000, 0x0000000100000000)
  region size 1024K, 32 young (32768K), 2 survivors (2048K)
 Metaspace       used 32480K, capacity 33142K, committed 33328K, reserved 1079296K
  class space    used 3409K, capacity 3666K, committed 3712K, reserved 1048576K
}
Event: 9.487 GC heap after
{Heap after GC invocations=18 (full 0):
 garbage-first heap   total 95232K, used 47104K [0x00000000c1400000, 0x0000000100000000)
  region size 1024K, 4 young (4096K), 4 survivors (4096K)
 Metaspace       used 32480K, capacity 33142K, committed 33328K, reserved 1079296K
  class space    used 3409K, capacity 3666K, committed 3712K, reserved 1048576K
}
Event: 9.704 GC heap before
{Heap before GC invocations=18 (full 0):
 garbage-first heap   total 95232K, used 64512K [0x00000000c1400000, 0x0000000100000000)
  region size 1024K, 22 young (22528K), 4 survivors (4096K)
 Metaspace       used 32806K, capacity 33435K, committed 33584K, reserved 1079296K
  class space    used 3422K, capacity 3675K, committed 3712K, reserved 1048576K
}
Event: 9.713 GC heap after
{Heap after GC invocations=19 (full 0):
 garbage-first heap   total 95232K, used 50125K [0x00000000c1400000, 0x0000000100000000)
  region size 1024K, 3 young (3072K), 3 survivors (3072K)
 Metaspace       used 32806K, capacity 33435K, committed 33584K, reserved 1079296K
  class space    used 3422K, capacity 3675K, committed 3712K, reserved 1048576K
}

